<?xml version="1.0" encoding="utf-8"?><testsuites><testsuite name="pytest" errors="0" failures="0" skipped="0" tests="4" time="55.451" timestamp="2024-12-21T01:21:54.377652-06:00" hostname="DESKTOP-VAFGFH3"><testcase classname="practice.Selenium_Webdriver_with_PYTHON_from_Scratch_Frameworks.test_frames.test_practice_frames.TestFrames" name="test_login_buttom[fa-youtube]" time="12.504" /><testcase classname="practice.Selenium_Webdriver_with_PYTHON_from_Scratch_Frameworks.test_frames.test_practice_frames.TestFrames" name="test_login_buttom[fa-linkedin]" time="12.321" /><testcase classname="practice.Selenium_Webdriver_with_PYTHON_from_Scratch_Frameworks.test_frames.test_practice_frames.TestFrames" name="test_login_buttom[theme-btn]" time="13.758" /><testcase classname="practice.Selenium_Webdriver_with_PYTHON_from_Scratch_Frameworks.test_frames.test_practice_frames.TestFrames" name="test_login_buttom[register-btn]" time="16.684" /></testsuite></testsuites>